<?xml version="1.0" encoding="UTF-8"?>
<!-- Generated by org.testng.reporters.JUnitXMLReporter -->
<testsuite ignored="2" hostname="LAPTOP-TV41H5C2" failures="0" tests="6" name="order" time="1.815" errors="0" timestamp="2022-01-21T17:42:26 PST">
  <testcase classname="testNGPkg.Functionality1" name="functionality1Test1" time="0.151"/>
  <testcase classname="testNGPkg.Functionality1" name="functionality1Test2" time="0.007"/>
  <testcase classname="testNGPkg.Functionality1" name="functionality1Test3" time="0.006"/>
  <testcase classname="testNGPkg.Functionality2" name="functionality2Test1" time="0.01"/>
  <testcase classname="testNGPkg.Functionality2" name="functionality2Test2" time="0.008"/>
  <testcase classname="testNGPkg.Functionality2" name="functionality2Test3" time="0.006"/>
  <testcase classname="testNGPkg.BaseTest" name="@BeforeTest setUp" time="0.0">
    <ignored/>
  </testcase> <!-- @BeforeTest setUp -->
  <testcase classname="testNGPkg.BaseTest" name="@AfterTest tearDown" time="0.0">
    <ignored/>
  </testcase> <!-- @AfterTest tearDown -->
</testsuite> <!-- order -->
