<?xml version="1.0" encoding="UTF-8"?>
<!-- Generated by org.testng.reporters.JUnitXMLReporter -->
<testsuite ignored="5" hostname="LAPTOP-TV41H5C2" failures="0" tests="0" name="Test1" time="0.003" errors="0" timestamp="2022-02-09T18:48:32 PST">
  <testcase classname="testNGPkg.DependsMGTest" name="init" time="0.0">
    <ignored/>
  </testcase> <!-- init -->
  <testcase classname="testNGPkg.DependsMGTest" name="deleteMethod" time="0.0">
    <ignored/>
  </testcase> <!-- deleteMethod -->
  <testcase classname="testNGPkg.DependsMGTest" name="selectMethod" time="0.0">
    <ignored/>
  </testcase> <!-- selectMethod -->
  <testcase classname="testNGPkg.DependsMGTest" name="insert" time="0.0">
    <ignored/>
  </testcase> <!-- insert -->
  <testcase classname="testNGPkg.DependsMGTest" name="updatedMethod" time="0.0">
    <ignored/>
  </testcase> <!-- updatedMethod -->
</testsuite> <!-- Test1 -->
