<?xml version="1.0" encoding="UTF-8"?>
<testng-results ignored="0" total="3" passed="3" failed="0" skipped="0">
  <reporter-output>
  </reporter-output>
  <suite started-at="2022-01-03T17:40:34 PST" name="Suite" finished-at="2022-01-03T17:40:34 PST" duration-ms="70">
    <groups>
    </groups>
    <test started-at="2022-01-03T17:40:34 PST" name="Test" finished-at="2022-01-03T17:40:34 PST" duration-ms="70">
      <class name="testNGPkg.Different_Parameters">
        <test-method signature="method1(java.lang.String)[pri:0, instance:testNGPkg.Different_Parameters@6d4e5011]" started-at="2022-01-03T17:40:34 PST" name="method1" finished-at="2022-01-03T17:40:34 PST" duration-ms="9" status="PASS">
          <params>
            <param index="0">
              <value>
                <![CDATA[Test]]>
              </value>
            </param>
          </params>
          <reporter-output>
          </reporter-output>
        </test-method> <!-- method1 -->
        <test-method signature="method2(java.lang.String)[pri:0, instance:testNGPkg.Different_Parameters@6d4e5011]" started-at="2022-01-03T17:40:34 PST" name="method2" finished-at="2022-01-03T17:40:34 PST" duration-ms="1" status="PASS">
          <params>
            <param index="0">
              <value>
                <![CDATA[Auto]]>
              </value>
            </param>
          </params>
          <reporter-output>
          </reporter-output>
        </test-method> <!-- method2 -->
        <test-method signature="method3(java.lang.String,java.lang.String)[pri:0, instance:testNGPkg.Different_Parameters@6d4e5011]" started-at="2022-01-03T17:40:34 PST" name="method3" finished-at="2022-01-03T17:40:34 PST" duration-ms="1" status="PASS">
          <params>
            <param index="0">
              <value>
                <![CDATA[Test2]]>
              </value>
            </param>
            <param index="1">
              <value>
                <![CDATA[User]]>
              </value>
            </param>
          </params>
          <reporter-output>
          </reporter-output>
        </test-method> <!-- method3 -->
      </class> <!-- testNGPkg.Different_Parameters -->
    </test> <!-- Test -->
  </suite> <!-- Suite -->
</testng-results>
